#! /home/mahesh/oss-cad-suite/bin/vvp
:ivl_version "12.0 (devel)" "(s20150603-1352-g831db5a0d)";
:ivl_delay_selection "TYPICAL";
:vpi_time_precision + 0;
:vpi_module "/home/mahesh/oss-cad-suite/lib/ivl/system.vpi";
:vpi_module "/home/mahesh/oss-cad-suite/lib/ivl/vhdl_sys.vpi";
:vpi_module "/home/mahesh/oss-cad-suite/lib/ivl/vhdl_textio.vpi";
:vpi_module "/home/mahesh/oss-cad-suite/lib/ivl/v2005_math.vpi";
:vpi_module "/home/mahesh/oss-cad-suite/lib/ivl/va_math.vpi";
S_0x7fffbfb09700 .scope module, "tb" "tb" 2 11;
 .timescale 0 0;
P_0x7fffbfb09890 .param/l "P" 1 2 51, +C4<00000000000000000000000000001000>;
v0x7fffbfb31ae0_0 .net "D", 31 0, v0x7fffbfae31c0_0;  1 drivers
v0x7fffbfb31bc0_0 .var "clk", 0 0;
v0x7fffbfb31c90_0 .var/i "i", 31 0;
v0x7fffbfb31d60_0 .var "resetn", 0 0;
v0x7fffbfb31e30_0 .var "start", 0 0;
E_0x7fffbfb11f60 .event anyedge, v0x7fffbfb31440_0;
S_0x7fffbfb09950 .scope module, "m1" "matmul" 2 19, 3 9 0, S_0x7fffbfb09700;
 .timescale 0 0;
    .port_info 0 /INPUT 1 "clk";
    .port_info 1 /INPUT 1 "resetn";
    .port_info 2 /INPUT 1 "start";
    .port_info 3 /OUTPUT 32 "D";
P_0x7fffbfb0d8b0 .param/l "IWIDTH" 1 3 40, +C4<000000000000000000000000000000100>;
P_0x7fffbfb0d8f0 .param/l "K" 1 3 36, C4<00000110>;
P_0x7fffbfb0d930 .param/l "M" 1 3 35, C4<00001000>;
P_0x7fffbfb0d970 .param/l "N" 1 3 16, C4<01000110>;
P_0x7fffbfb0d9b0 .param/l "P" 1 3 34, C4<00001000>;
P_0x7fffbfb0d9f0 .param/l "sIDLE" 1 3 28, C4<00>;
P_0x7fffbfb0da30 .param/l "sSUM1" 1 3 29, C4<01>;
P_0x7fffbfb0da70 .param/l "sSUM2" 1 3 30, C4<10>;
P_0x7fffbfb0dab0 .param/l "sSUM3" 1 3 31, C4<11>;
v0x7fffbfae2900 .array "A", 0 69, 7 0;
v0x7fffbfae3400 .array "B", 0 69, 7 0;
v0x7fffbfae31c0_0 .var "D", 31 0;
v0x7fffbfb31440_0 .net "clk", 0 0, v0x7fffbfb31bc0_0;  1 drivers
v0x7fffbfb31500_0 .var/i "i", 31 0;
v0x7fffbfb31630_0 .var "index", 3 0;
v0x7fffbfb31710_0 .net "resetn", 0 0, v0x7fffbfb31d60_0;  1 drivers
v0x7fffbfb317d0_0 .net "start", 0 0, v0x7fffbfb31e30_0;  1 drivers
v0x7fffbfb31890_0 .var "state", 1 0;
v0x7fffbfb31970 .array "sum", 0 7, 31 0;
E_0x7fffbfb12510 .event posedge, v0x7fffbfb31440_0;
    .scope S_0x7fffbfb09950;
T_0 ;
    %pushi/vec4 0, 0, 32;
    %store/vec4 v0x7fffbfb31500_0, 0, 32;
T_0.0 ;
    %load/vec4 v0x7fffbfb31500_0;
    %cmpi/u 70, 0, 32;
    %jmp/0xz T_0.1, 5;
    %load/vec4 v0x7fffbfb31500_0;
    %addi 1, 0, 32;
    %pad/s 8;
    %ix/getv/s 4, v0x7fffbfb31500_0;
    %store/vec4a v0x7fffbfae2900, 4, 0;
    %load/vec4 v0x7fffbfb31500_0;
    %addi 1, 0, 32;
    %pad/s 8;
    %ix/getv/s 4, v0x7fffbfb31500_0;
    %store/vec4a v0x7fffbfae3400, 4, 0;
    ; show_stmt_assign_vector: Get l-value for compressed += operand
    %load/vec4 v0x7fffbfb31500_0;
    %pushi/vec4 1, 0, 32;
    %add;
    %store/vec4 v0x7fffbfb31500_0, 0, 32;
    %jmp T_0.0;
T_0.1 ;
    %end;
    .thread T_0;
    .scope S_0x7fffbfb09950;
T_1 ;
    %wait E_0x7fffbfb12510;
    %load/vec4 v0x7fffbfb31710_0;
    %nor/r;
    %flag_set/vec4 8;
    %jmp/0xz  T_1.0, 8;
    %pushi/vec4 0, 0, 32;
    %assign/vec4 v0x7fffbfae31c0_0, 0;
    %pushi/vec4 0, 0, 4;
    %assign/vec4 v0x7fffbfb31630_0, 0;
    %pushi/vec4 0, 0, 32;
    %store/vec4 v0x7fffbfb31500_0, 0, 32;
T_1.2 ;
    %load/vec4 v0x7fffbfb31500_0;
    %cmpi/u 8, 0, 32;
    %jmp/0xz T_1.3, 5;
    %pushi/vec4 0, 0, 32;
    %ix/getv/s 3, v0x7fffbfb31500_0;
    %ix/load 4, 0, 0; Constant delay
    %assign/vec4/a/d v0x7fffbfb31970, 0, 4;
    ; show_stmt_assign_vector: Get l-value for compressed += operand
    %load/vec4 v0x7fffbfb31500_0;
    %pushi/vec4 1, 0, 32;
    %add;
    %store/vec4 v0x7fffbfb31500_0, 0, 32;
    %jmp T_1.2;
T_1.3 ;
    %pushi/vec4 0, 0, 2;
    %assign/vec4 v0x7fffbfb31890_0, 0;
    %jmp T_1.1;
T_1.0 ;
    %load/vec4 v0x7fffbfb31890_0;
    %dup/vec4;
    %pushi/vec4 0, 0, 2;
    %cmp/u;
    %jmp/1 T_1.4, 6;
    %dup/vec4;
    %pushi/vec4 1, 0, 2;
    %cmp/u;
    %jmp/1 T_1.5, 6;
    %dup/vec4;
    %pushi/vec4 2, 0, 2;
    %cmp/u;
    %jmp/1 T_1.6, 6;
    %dup/vec4;
    %pushi/vec4 3, 0, 2;
    %cmp/u;
    %jmp/1 T_1.7, 6;
    %pushi/vec4 0, 0, 2;
    %assign/vec4 v0x7fffbfb31890_0, 0;
    %jmp T_1.9;
T_1.4 ;
    %pushi/vec4 0, 0, 4;
    %assign/vec4 v0x7fffbfb31630_0, 0;
    %pushi/vec4 0, 0, 32;
    %store/vec4 v0x7fffbfb31500_0, 0, 32;
T_1.10 ;
    %load/vec4 v0x7fffbfb31500_0;
    %cmpi/u 8, 0, 32;
    %jmp/0xz T_1.11, 5;
    %pushi/vec4 0, 0, 32;
    %ix/getv/s 3, v0x7fffbfb31500_0;
    %ix/load 4, 0, 0; Constant delay
    %assign/vec4/a/d v0x7fffbfb31970, 0, 4;
    ; show_stmt_assign_vector: Get l-value for compressed += operand
    %load/vec4 v0x7fffbfb31500_0;
    %pushi/vec4 1, 0, 32;
    %add;
    %store/vec4 v0x7fffbfb31500_0, 0, 32;
    %jmp T_1.10;
T_1.11 ;
    %load/vec4 v0x7fffbfb317d0_0;
    %flag_set/vec4 8;
    %jmp/0xz  T_1.12, 8;
    %pushi/vec4 1, 0, 2;
    %assign/vec4 v0x7fffbfb31890_0, 0;
T_1.12 ;
    %jmp T_1.9;
T_1.5 ;
    %load/vec4 v0x7fffbfb31630_0;
    %pad/u 8;
    %cmpi/u 8, 0, 8;
    %jmp/0xz  T_1.14, 5;
    %pushi/vec4 0, 0, 32;
    %store/vec4 v0x7fffbfb31500_0, 0, 32;
T_1.16 ;
    %load/vec4 v0x7fffbfb31500_0;
    %cmpi/u 8, 0, 32;
    %jmp/0xz T_1.17, 5;
    %ix/getv/s 4, v0x7fffbfb31500_0;
    %load/vec4a v0x7fffbfb31970, 4;
    %load/vec4 v0x7fffbfb31500_0;
    %load/vec4 v0x7fffbfb31630_0;
    %pad/u 32;
    %muli 8, 0, 32;
    %add;
    %ix/vec4 4;
    %load/vec4a v0x7fffbfae2900, 4;
    %pad/u 32;
    %load/vec4 v0x7fffbfb31500_0;
    %load/vec4 v0x7fffbfb31630_0;
    %pad/u 32;
    %muli 8, 0, 32;
    %add;
    %ix/vec4 4;
    %load/vec4a v0x7fffbfae3400, 4;
    %pad/u 32;
    %mul;
    %add;
    %ix/getv/s 3, v0x7fffbfb31500_0;
    %ix/load 4, 0, 0; Constant delay
    %assign/vec4/a/d v0x7fffbfb31970, 0, 4;
    ; show_stmt_assign_vector: Get l-value for compressed += operand
    %load/vec4 v0x7fffbfb31500_0;
    %pushi/vec4 1, 0, 32;
    %add;
    %store/vec4 v0x7fffbfb31500_0, 0, 32;
    %jmp T_1.16;
T_1.17 ;
    %load/vec4 v0x7fffbfb31630_0;
    %addi 1, 0, 4;
    %assign/vec4 v0x7fffbfb31630_0, 0;
    %jmp T_1.15;
T_1.14 ;
    %pushi/vec4 0, 0, 4;
    %assign/vec4 v0x7fffbfb31630_0, 0;
    %pushi/vec4 2, 0, 2;
    %assign/vec4 v0x7fffbfb31890_0, 0;
T_1.15 ;
    %jmp T_1.9;
T_1.6 ;
    %load/vec4 v0x7fffbfb31630_0;
    %pad/u 8;
    %cmpi/u 8, 0, 8;
    %jmp/0xz  T_1.18, 5;
    %load/vec4 v0x7fffbfae31c0_0;
    %load/vec4 v0x7fffbfb31630_0;
    %pad/u 5;
    %ix/vec4 4;
    %load/vec4a v0x7fffbfb31970, 4;
    %add;
    %assign/vec4 v0x7fffbfae31c0_0, 0;
    %load/vec4 v0x7fffbfb31630_0;
    %addi 1, 0, 4;
    %assign/vec4 v0x7fffbfb31630_0, 0;
    %jmp T_1.19;
T_1.18 ;
    %pushi/vec4 0, 0, 4;
    %assign/vec4 v0x7fffbfb31630_0, 0;
    %pushi/vec4 3, 0, 2;
    %assign/vec4 v0x7fffbfb31890_0, 0;
T_1.19 ;
    %jmp T_1.9;
T_1.7 ;
    %load/vec4 v0x7fffbfb31630_0;
    %pad/u 8;
    %cmpi/u 6, 0, 8;
    %jmp/0xz  T_1.20, 5;
    %load/vec4 v0x7fffbfae31c0_0;
    %load/vec4 v0x7fffbfb31630_0;
    %pad/u 8;
    %addi 64, 0, 8;
    %ix/vec4 4;
    %load/vec4a v0x7fffbfae2900, 4;
    %pad/u 32;
    %load/vec4 v0x7fffbfb31630_0;
    %pad/u 8;
    %addi 64, 0, 8;
    %ix/vec4 4;
    %load/vec4a v0x7fffbfae3400, 4;
    %pad/u 32;
    %mul;
    %add;
    %assign/vec4 v0x7fffbfae31c0_0, 0;
    %load/vec4 v0x7fffbfb31630_0;
    %addi 1, 0, 4;
    %assign/vec4 v0x7fffbfb31630_0, 0;
    %jmp T_1.21;
T_1.20 ;
    %pushi/vec4 0, 0, 2;
    %assign/vec4 v0x7fffbfb31890_0, 0;
T_1.21 ;
    %jmp T_1.9;
T_1.9 ;
    %pop/vec4 1;
T_1.1 ;
    %jmp T_1;
    .thread T_1;
    .scope S_0x7fffbfb09700;
T_2 ;
    %pushi/vec4 0, 0, 1;
    %store/vec4 v0x7fffbfb31bc0_0, 0, 1;
    %pushi/vec4 1, 0, 1;
    %store/vec4 v0x7fffbfb31d60_0, 0, 1;
    %delay 4, 0;
    %pushi/vec4 0, 0, 1;
    %store/vec4 v0x7fffbfb31d60_0, 0, 1;
    %delay 4, 0;
    %pushi/vec4 1, 0, 1;
    %store/vec4 v0x7fffbfb31d60_0, 0, 1;
    %pushi/vec4 0, 0, 1;
    %store/vec4 v0x7fffbfb31e30_0, 0, 1;
    %delay 2, 0;
    %pushi/vec4 1, 0, 1;
    %store/vec4 v0x7fffbfb31e30_0, 0, 1;
    %delay 2, 0;
    %pushi/vec4 0, 0, 1;
    %store/vec4 v0x7fffbfb31e30_0, 0, 1;
    %end;
    .thread T_2;
    .scope S_0x7fffbfb09700;
T_3 ;
    %wait E_0x7fffbfb11f60;
    %delay 1, 0;
    %load/vec4 v0x7fffbfb31bc0_0;
    %inv;
    %assign/vec4 v0x7fffbfb31bc0_0, 0;
    %jmp T_3;
    .thread T_3, $push;
    .scope S_0x7fffbfb09700;
T_4 ;
    %vpi_call 2 54 "$dumpfile", "testbench.vcd" {0 0 0};
    %vpi_call 2 55 "$dumpvars" {0 0 0};
    %load/vec4 v0x7fffbfb31c90_0;
    %cmpi/s 8, 0, 32;
    %flag_get/vec4 5;
    %pad/u 32;
    %store/vec4 v0x7fffbfb31c90_0, 0, 32;
T_4.0 ;
    %load/vec4 v0x7fffbfb31c90_0;
    %dup/vec4;
    %pushi/vec4 1, 0, 32;
    %add;
    %store/vec4 v0x7fffbfb31c90_0, 0, 32;
    %or/r;
    %flag_set/vec4 8;
    %jmp/0xz T_4.1, 8;
    %vpi_call 2 57 "$dumpvars", 32'sb00000000000000000000000000000000, &A<v0x7fffbfb31970, v0x7fffbfb31c90_0 > {0 0 0};
    ; show_stmt_assign_vector: Get l-value for compressed += operand
    %load/vec4 v0x7fffbfb31c90_0;
    %pushi/vec4 1, 0, 32;
    %add;
    %store/vec4 v0x7fffbfb31c90_0, 0, 32;
    %jmp T_4.0;
T_4.1 ;
    %delay 10000, 0;
    %vpi_call 2 60 "$finish" {0 0 0};
    %end;
    .thread T_4;
# The file index is used to find the file name in the following table.
:file_names 4;
    "N/A";
    "<interactive>";
    "testbench.v";
    "matmul.v";
